c:\users\ariel\desktop\universidad\isc\aplicada\reclonado\asteroids.-master\asteroids.-master\boilerplate\x64\debug\vc140.pdb
c:\users\ariel\desktop\universidad\isc\aplicada\reclonado\asteroids.-master\asteroids.-master\boilerplate\x64\debug\vc140.idb
c:\users\ariel\desktop\universidad\isc\aplicada\reclonado\asteroids.-master\asteroids.-master\boilerplate\x64\debug\app.obj
c:\users\ariel\desktop\universidad\isc\aplicada\reclonado\asteroids.-master\asteroids.-master\boilerplate\x64\debug\configuration.obj
c:\users\ariel\desktop\universidad\isc\aplicada\reclonado\asteroids.-master\asteroids.-master\boilerplate\x64\debug\drawable2d.obj
c:\users\ariel\desktop\universidad\isc\aplicada\reclonado\asteroids.-master\asteroids.-master\boilerplate\x64\debug\entity.obj
c:\users\ariel\desktop\universidad\isc\aplicada\reclonado\asteroids.-master\asteroids.-master\boilerplate\x64\debug\main.obj
c:\users\ariel\desktop\universidad\isc\aplicada\reclonado\asteroids.-master\asteroids.-master\boilerplate\x64\debug\sdlevent.obj
c:\users\ariel\desktop\universidad\isc\aplicada\reclonado\asteroids.-master\asteroids.-master\boilerplate\x64\debug\ship.obj
c:\users\ariel\desktop\universidad\isc\aplicada\reclonado\asteroids.-master\asteroids.-master\boilerplate\x64\debug\timemanager.obj
c:\users\ariel\desktop\universidad\isc\aplicada\reclonado\asteroids.-master\asteroids.-master\boilerplate\x64\debug\utilities.obj
c:\users\ariel\desktop\universidad\isc\aplicada\reclonado\asteroids.-master\asteroids.-master\boilerplate\x64\debug\vector2.obj
c:\users\ariel\desktop\universidad\isc\aplicada\reclonado\asteroids.-master\asteroids.-master\boilerplate\x64\debug\stb_image.obj
c:\users\ariel\desktop\universidad\isc\aplicada\proyecto 4.0\boilerplate\x64\debug\vc140.pdb
c:\users\ariel\desktop\universidad\isc\aplicada\proyecto 4.0\boilerplate\x64\debug\vc140.idb
c:\users\ariel\desktop\universidad\isc\aplicada\proyecto 4.0\boilerplate\x64\debug\app.obj
c:\users\ariel\desktop\universidad\isc\aplicada\proyecto 4.0\boilerplate\x64\debug\configuration.obj
c:\users\ariel\desktop\universidad\isc\aplicada\proyecto 4.0\boilerplate\x64\debug\drawable2d.obj
c:\users\ariel\desktop\universidad\isc\aplicada\proyecto 4.0\boilerplate\x64\debug\entity.obj
c:\users\ariel\desktop\universidad\isc\aplicada\proyecto 4.0\boilerplate\x64\debug\main.obj
c:\users\ariel\desktop\universidad\isc\aplicada\proyecto 4.0\boilerplate\x64\debug\sdlevent.obj
c:\users\ariel\desktop\universidad\isc\aplicada\proyecto 4.0\boilerplate\x64\debug\ship.obj
c:\users\ariel\desktop\universidad\isc\aplicada\proyecto 4.0\boilerplate\x64\debug\timemanager.obj
c:\users\ariel\desktop\universidad\isc\aplicada\proyecto 4.0\boilerplate\x64\debug\utilities.obj
c:\users\ariel\desktop\universidad\isc\aplicada\proyecto 4.0\boilerplate\x64\debug\vector2.obj
c:\users\ariel\desktop\universidad\isc\aplicada\proyecto 4.0\boilerplate\x64\debug\stb_image.obj
c:\users\ariel\desktop\universidad\isc\aplicada\reclonado\asteroids.-master\asteroids.-master\x64\debug\boilerplate.ilk
c:\users\ariel\desktop\universidad\isc\aplicada\reclonado\asteroids.-master\asteroids.-master\x64\debug\boilerplate.exe
c:\users\ariel\desktop\universidad\isc\aplicada\reclonado\asteroids.-master\asteroids.-master\x64\debug\boilerplate.pdb
c:\users\ariel\desktop\universidad\isc\aplicada\proyecto 4.0\x64\debug\boilerplate.ilk
c:\users\ariel\desktop\universidad\isc\aplicada\proyecto 4.0\x64\debug\boilerplate.exe
c:\users\ariel\desktop\universidad\isc\aplicada\proyecto 4.0\x64\debug\boilerplate.pdb
c:\users\ariel\desktop\universidad\isc\aplicada\proyecto 4.0\boilerplate\x64\debug\boilerplate.tlog\cl.command.1.tlog
c:\users\ariel\desktop\universidad\isc\aplicada\proyecto 4.0\boilerplate\x64\debug\boilerplate.tlog\cl.read.1.tlog
c:\users\ariel\desktop\universidad\isc\aplicada\proyecto 4.0\boilerplate\x64\debug\boilerplate.tlog\cl.write.1.tlog
c:\users\ariel\desktop\universidad\isc\aplicada\proyecto 4.0\boilerplate\x64\debug\boilerplate.tlog\link.command.1.tlog
c:\users\ariel\desktop\universidad\isc\aplicada\proyecto 4.0\boilerplate\x64\debug\boilerplate.tlog\link.read.1.tlog
c:\users\ariel\desktop\universidad\isc\aplicada\proyecto 4.0\boilerplate\x64\debug\boilerplate.tlog\link.write.1.tlog
